[ 2017-11-06T23:02:49+08:00 ] 127.0.0.1 /
INFO: [ app_begin ] --START--
INFO: ReadHtmlCache Behavior ::run [ RunTime:0.114774s ]
INFO: [ app_begin ] --END-- [ RunTime:0.115235s ]
INFO: [ view_parse ] --START--
INFO: ParseTemplate Behavior ::run [ RunTime:0.059074s ]
INFO: [ view_parse ] --END-- [ RunTime:0.059296s ]
INFO: [ view_filter ] --START--
NOTIC: [8] Use of undefined constant APP_TMPL_PATH - assumed 'APP_TMPL_PATH' F:\php\test\ThinkPHP\Lib\Behavior\ContentReplaceBehavior.class.php 第 40 行.
NOTIC: [8] Use of undefined constant APP_TMPL_PATH - assumed 'APP_TMPL_PATH' F:\php\test\ThinkPHP\Lib\Behavior\ContentReplaceBehavior.class.php 第 47 行.
INFO: ContentReplace Behavior ::run [ RunTime:0.121624s ]
INFO: TokenBuild Behavior ::run [ RunTime:0.088128s ]
INFO: WriteHtmlCache Behavior ::run [ RunTime:0.064135s ]
INFO: ShowRuntime Behavior ::run [ RunTime:0.071521s ]
INFO: [ view_filter ] --END-- [ RunTime:0.346162s ]
INFO: [ view_end ] --START--
INFO: ShowPageTrace Behavior ::run [ RunTime:0.044388s ]
INFO: [ view_end ] --END-- [ RunTime:0.044717s ]

[ 2017-11-06T23:03:01+08:00 ] 127.0.0.1 /index.php/test
INFO: [ route_check ] --START--
INFO: CheckRoute Behavior ::run [ RunTime:0.026821s ]
INFO: [ route_check ] --END-- [ RunTime:0.027035s ]
NOTIC: [8192] preg_replace(): The /e modifier is deprecated, use preg_replace_callback instead F:\php\test\ThinkPHP\Lib\Core\Dispatcher.class.php 第 132 行.
INFO: [ app_begin ] --START--
INFO: ReadHtmlCache Behavior ::run [ RunTime:0.001479s ]
INFO: [ app_begin ] --END-- [ RunTime:0.001751s ]
ERR: 无法加载模块:test

[ 2017-11-06T23:03:16+08:00 ] 127.0.0.1 /index.php/Index/test
INFO: [ route_check ] --START--
INFO: CheckRoute Behavior ::run [ RunTime:0.004026s ]
INFO: [ route_check ] --END-- [ RunTime:0.004981s ]
NOTIC: [8192] preg_replace(): The /e modifier is deprecated, use preg_replace_callback instead F:\php\test\ThinkPHP\Lib\Core\Dispatcher.class.php 第 132 行.
INFO: [ app_begin ] --START--
INFO: ReadHtmlCache Behavior ::run [ RunTime:0.001856s ]
INFO: [ app_begin ] --END-- [ RunTime:0.002115s ]
INFO: [ view_parse ] --START--
INFO: ParseTemplate Behavior ::run [ RunTime:0.005864s ]
INFO: [ view_parse ] --END-- [ RunTime:0.006201s ]
INFO: [ view_filter ] --START--
NOTIC: [8] Use of undefined constant APP_TMPL_PATH - assumed 'APP_TMPL_PATH' F:\php\test\ThinkPHP\Lib\Behavior\ContentReplaceBehavior.class.php 第 40 行.
NOTIC: [8] Use of undefined constant APP_TMPL_PATH - assumed 'APP_TMPL_PATH' F:\php\test\ThinkPHP\Lib\Behavior\ContentReplaceBehavior.class.php 第 47 行.
INFO: ContentReplace Behavior ::run [ RunTime:0.010923s ]
INFO: TokenBuild Behavior ::run [ RunTime:0.005227s ]
INFO: WriteHtmlCache Behavior ::run [ RunTime:0.002014s ]
INFO: ShowRuntime Behavior ::run [ RunTime:0.002642s ]
INFO: [ view_filter ] --END-- [ RunTime:0.022791s ]
INFO: [ view_end ] --START--
INFO: ShowPageTrace Behavior ::run [ RunTime:0.006438s ]
INFO: [ view_end ] --END-- [ RunTime:0.010950s ]

